<?xml version="1.0" encoding="utf-8"?><testsuites name="pytest tests"><testsuite name="pytest" errors="0" failures="0" skipped="0" tests="5" time="1.306" timestamp="2026-07-07T16:59:01.411908+00:00" hostname="agent-env-dacbe8d0-2798-4746-b7c6-84ee73950b09"><testcase classname="tests.test_config_api.TestConfigAPI" name="test_root" time="0.194" /><testcase classname="tests.test_config_api.TestConfigAPI" name="test_get_config_returns_v2_defaults" time="0.049" /><testcase classname="tests.test_config_api.TestConfigAPI" name="test_put_config_persists" time="0.148" /><testcase classname="tests.test_config_api.TestConfigAPI" name="test_reset_restores_defaults" time="0.186" /><testcase classname="tests.test_config_api.TestConfigAPI" name="test_no_mongo_object_id_in_response" time="0.176" /></testsuite></testsuites>