<?xml version="1.0" encoding="utf-8"?><testsuites name="pytest tests"><testsuite name="pytest" errors="0" failures="0" skipped="0" tests="6" time="1.312" timestamp="2026-07-07T16:00:42.522619+00:00" hostname="agent-env-dacbe8d0-2798-4746-b7c6-84ee73950b09"><testcase classname="tests.test_config_api.TestConfigAPI" name="test_root" time="0.307" /><testcase classname="tests.test_config_api.TestConfigAPI" name="test_get_config_returns_defaults" time="0.048" /><testcase classname="tests.test_config_api.TestConfigAPI" name="test_defaults_include_new_schema" time="0.051" /><testcase classname="tests.test_config_api.TestConfigAPI" name="test_put_config_persists" time="0.146" /><testcase classname="tests.test_config_api.TestConfigAPI" name="test_reset_config" time="0.107" /><testcase classname="tests.test_config_api.TestConfigAPI" name="test_no_mongo_object_id_in_response" time="0.104" /></testsuite></testsuites>